<?xml version="1.0" encoding="UTF-8"?>
<testng-results ignored="0" total="2" passed="2" failed="0" skipped="0">
  <reporter-output>
  </reporter-output>
  <suite started-at="2020-04-28T23:15:39 IST" name="Default suite" finished-at="2020-04-28T23:15:58 IST" duration-ms="19085">
    <groups>
    </groups>
    <test started-at="2020-04-28T23:15:39 IST" name="Default test" finished-at="2020-04-28T23:15:58 IST" duration-ms="19085">
      <class name="SeleniumGrid.LoginWindowToWindowOnLocalMachine">
        <test-method signature="setUp()[pri:1, instance:SeleniumGrid.LoginWindowToWindowOnLocalMachine@1817d444]" started-at="2020-04-28T23:15:39 IST" name="setUp" finished-at="2020-04-28T23:15:44 IST" duration-ms="4693" status="PASS">
          <reporter-output>
          </reporter-output>
        </test-method> <!-- setUp -->
        <test-method signature="LoginFunct()[pri:2, instance:SeleniumGrid.LoginWindowToWindowOnLocalMachine@1817d444]" started-at="2020-04-28T23:15:44 IST" name="LoginFunct" finished-at="2020-04-28T23:15:58 IST" duration-ms="14354" status="PASS">
          <reporter-output>
          </reporter-output>
        </test-method> <!-- LoginFunct -->
      </class> <!-- SeleniumGrid.LoginWindowToWindowOnLocalMachine -->
    </test> <!-- Default test -->
  </suite> <!-- Default suite -->
</testng-results>
