<?xml version="1.0" encoding="UTF-8"?>
<!-- Generated by org.testng.reporters.JUnitXMLReporter -->
<testsuite ignored="0" hostname="Spraynt-AG" failures="0" tests="6" name="Test" time="0.063" errors="0" timestamp="2020-04-24T13:03:47 IST">
  <testcase classname="BatchTesting.PaymentInfo" name="PaymentMethod" time="0.009"/>
  <testcase classname="BatchTesting.SignupInfo" name="SignUpMethod1" time="0.002"/>
  <testcase classname="BatchTesting.SignupInfo" name="SignUpMethod2" time="0.003"/>
  <testcase classname="BatchTesting.TransactionInfo" name="TransactionMethod" time="0.002"/>
  <testcase classname="BatchTesting.LoginInfo" name="LoginMethod1" time="0.002"/>
  <testcase classname="BatchTesting.LoginInfo" name="LoginMethod2" time="0.001"/>
</testsuite> <!-- Test -->
