<?xml version="1.0" encoding="UTF-8"?>
<!-- Generated by org.testng.reporters.JUnitXMLReporter -->
<testsuite ignored="0" hostname="Spraynt-AG" failures="0" tests="4" name="Sanity Test" time="0.056" errors="0" timestamp="2020-04-24T13:05:24 IST">
  <testcase classname="BatchTesting.LoginInfo" name="LoginMethod1" time="0.008"/>
  <testcase classname="BatchTesting.LoginInfo" name="LoginMethod2" time="0.002"/>
  <testcase classname="BatchTesting.SignupInfo" name="SignUpMethod1" time="0.002"/>
  <testcase classname="BatchTesting.SignupInfo" name="SignUpMethod2" time="0.002"/>
</testsuite> <!-- Sanity Test -->
